<?xml version="1.0" encoding="UTF-8"?>
<!-- Generated by org.testng.reporters.JUnitXMLReporter -->
<testsuite ignored="0" hostname="INLEN8520046831" failures="0" tests="1" name="parallelTest1" time="0.043" errors="0" timestamp="2023-06-06T17:05:54 IST">
  <testcase classname="testBase.BaseClass" name="@BeforeClass setup" time="-1.686051354614E9">
    <failure type="org.testng.TestNGException" message="
Parameter &amp;apos;browser&amp;apos; is required by BeforeClass on method setup but has not been marked @Optional or defined
in C:\Users\asneha\Documents\workspace-spring-tool-suite-4-4.18.0.RELEASE\PARABankProjectHYdribAutomationFramework\testng.xml">
      <![CDATA[org.testng.TestNGException: 
Parameter 'browser' is required by BeforeClass on method setup but has not been marked @Optional or defined
in C:\Users\asneha\Documents\workspace-spring-tool-suite-4-4.18.0.RELEASE\PARABankProjectHYdribAutomationFramework\testng.xml
at java.base/java.util.ArrayList.forEach(ArrayList.java:1511)
at java.base/java.util.concurrent.FutureTask.run(FutureTask.java:264)
at java.base/java.util.concurrent.ThreadPoolExecutor.runWorker(ThreadPoolExecutor.java:1136)
at java.base/java.util.concurrent.ThreadPoolExecutor$Worker.run(ThreadPoolExecutor.java:635)
at java.base/java.lang.Thread.run(Thread.java:833)
... Removed 13 stack frames]]>
    </failure>
  </testcase> <!-- @BeforeClass setup -->
  <testcase classname="testBase.BaseClass" name="@AfterClass teardown" time="-1.686051354634E9">
    <skipped/>
  </testcase> <!-- @AfterClass teardown -->
  <testcase classname="testCase.TC_001_AccountRegistration" name="Account_register" time="0.0">
    <skipped/>
  </testcase> <!-- Account_register -->
</testsuite> <!-- parallelTest1 -->
